<?xml version="1.0" encoding="UTF-8"?>
<testng-results ignored="0" total="1" passed="1" failed="0" skipped="0">
  <reporter-output>
  </reporter-output>
  <suite started-at="2024-02-05T13:05:34 IST" name="Banking Application Test Automation Test Suite" finished-at="2024-02-05T13:05:52 IST" duration-ms="18195">
    <groups>
    </groups>
    <test started-at="2024-02-05T13:05:34 IST" name="Banking App Test Cases" finished-at="2024-02-05T13:05:52 IST" duration-ms="18195">
      <class name="bankingTest.BankingTestCases">
        <test-method is-config="true" signature="setUp()[pri:0, instance:bankingTest.BankingTestCases@db137f4f]" started-at="2024-02-05T13:05:34 IST" name="setUp" finished-at="2024-02-05T13:05:43 IST" duration-ms="8945" status="PASS">
          <reporter-output>
          </reporter-output>
        </test-method> <!-- setUp -->
        <test-method signature="test()[pri:0, instance:bankingTest.BankingTestCases@db137f4f]" started-at="2024-02-05T13:05:43 IST" name="test" finished-at="2024-02-05T13:05:51 IST" duration-ms="8149" status="PASS">
          <reporter-output>
          </reporter-output>
        </test-method> <!-- test -->
        <test-method is-config="true" signature="tearDown()[pri:0, instance:bankingTest.BankingTestCases@db137f4f]" started-at="2024-02-05T13:05:51 IST" name="tearDown" finished-at="2024-02-05T13:05:52 IST" duration-ms="1034" status="PASS">
          <reporter-output>
          </reporter-output>
        </test-method> <!-- tearDown -->
      </class> <!-- bankingTest.BankingTestCases -->
    </test> <!-- Banking App Test Cases -->
  </suite> <!-- Banking Application Test Automation Test Suite -->
</testng-results>
